app/build/intermediates/manifest_merge_blame_file/debug/manifest-merger-blame-debug-report.txt
1<?xml version="1.0" encoding="utf-8"?>
2<manifest xmlns:android="http://schemas.android.com/apk/res/android"
3    package="com.family_dining.family_dining"
4    android:versionCode="1"
5    android:versionName="1.0" >
6
7    <uses-sdk
8        android:minSdkVersion="16"
8-->src\main\AndroidManifest.xml
9        android:targetSdkVersion="30" />
9-->src\main\AndroidManifest.xml
10
11    <uses-permission android:name="android.permission.SYSTEM_ALERT_WINDOW" />
11-->src\main\AndroidManifest.xml:5:5-78
11-->src\main\AndroidManifest.xml:5:22-75
12
13    <application
13-->src\main\AndroidManifest.xml:7:5-51:19
14        android:allowBackup="true"
14-->src\main\AndroidManifest.xml:8:9-35
15        android:appComponentFactory="androidx.core.app.CoreComponentFactory"
15-->[androidx.core:core:1.5.0] AndroidManifest.xml:24:18-86
16        android:debuggable="true"
17        android:hardwareAccelerated="false"
17-->src\main\AndroidManifest.xml:9:9-44
18        android:icon="@mipmap/ic_launcher"
18-->src\main\AndroidManifest.xml:10:9-43
19        android:label="@string/app_name"
19-->src\main\AndroidManifest.xml:11:9-41
20        android:largeHeap="true"
20-->src\main\AndroidManifest.xml:12:9-33
21        android:roundIcon="@mipmap/ic_launcher_round"
21-->src\main\AndroidManifest.xml:13:9-54
22        android:supportsRtl="true"
22-->src\main\AndroidManifest.xml:14:9-35
23        android:testOnly="true"
24        android:theme="@style/Theme.OrderDrinkApp" >
24-->src\main\AndroidManifest.xml:15:9-51
25        <activity android:name="com.family_dining.family_dining.Activities.BillView" />
25-->src\main\AndroidManifest.xml:16:9-97
25-->src\main\AndroidManifest.xml:16:19-85
26        <activity android:name="com.family_dining.family_dining.Activities.StaticThongKe" />
26-->src\main\AndroidManifest.xml:17:9-93
26-->src\main\AndroidManifest.xml:17:19-90
27        <activity android:name="com.family_dining.family_dining.Activities.DetailStatisticActivity" />
27-->src\main\AndroidManifest.xml:18:9-103
27-->src\main\AndroidManifest.xml:18:19-100
28        <activity android:name="com.family_dining.family_dining.Activities.AddStaffActivity" />
28-->src\main\AndroidManifest.xml:19:9-96
28-->src\main\AndroidManifest.xml:19:19-93
29        <activity
29-->src\main\AndroidManifest.xml:20:9-23:52
30            android:name="com.family_dining.family_dining.Activities.EditTableActivity"
30-->src\main\AndroidManifest.xml:21:13-88
31            android:label="Sửa bàn ăn"
31-->src\main\AndroidManifest.xml:22:13-39
32            android:theme="@style/PopUpActivity" />
32-->src\main\AndroidManifest.xml:23:13-49
33        <activity android:name="com.family_dining.family_dining.Activities.PaymentActivity" />
33-->src\main\AndroidManifest.xml:24:9-95
33-->src\main\AndroidManifest.xml:24:19-92
34        <activity
34-->src\main\AndroidManifest.xml:25:9-28:52
35            android:name="com.family_dining.family_dining.Activities.AmountMenuActivity"
35-->src\main\AndroidManifest.xml:26:13-89
36            android:label="số lượng món"
36-->src\main\AndroidManifest.xml:27:13-41
37            android:theme="@style/PopUpActivity" />
37-->src\main\AndroidManifest.xml:28:13-49
38        <activity android:name="com.family_dining.family_dining.Activities.AddCategoryActivity" />
38-->src\main\AndroidManifest.xml:29:9-99
38-->src\main\AndroidManifest.xml:29:19-96
39        <activity android:name="com.family_dining.family_dining.Activities.AddMenuActivity" />
39-->src\main\AndroidManifest.xml:30:9-95
39-->src\main\AndroidManifest.xml:30:19-92
40        <activity
40-->src\main\AndroidManifest.xml:31:9-34:52
41            android:name="com.family_dining.family_dining.Activities.AddTableActivity"
41-->src\main\AndroidManifest.xml:32:13-87
42            android:label="@string/addTable"
42-->src\main\AndroidManifest.xml:33:13-45
43            android:theme="@style/PopUpActivity" />
43-->src\main\AndroidManifest.xml:34:13-49
44        <activity android:name="com.family_dining.family_dining.Activities.HomeActivity" />
44-->src\main\AndroidManifest.xml:35:9-92
44-->src\main\AndroidManifest.xml:35:19-89
45        <activity android:name="com.family_dining.family_dining.Activities.LoginActivity" />
45-->src\main\AndroidManifest.xml:36:9-93
45-->src\main\AndroidManifest.xml:36:19-90
46        <activity android:name="com.family_dining.family_dining.Activities.Register2ndActivity" />
46-->src\main\AndroidManifest.xml:37:9-99
46-->src\main\AndroidManifest.xml:37:19-96
47        <activity android:name="com.family_dining.family_dining.Activities.WelcomeActivity" />
47-->src\main\AndroidManifest.xml:38:9-95
47-->src\main\AndroidManifest.xml:38:19-92
48        <activity android:name="com.family_dining.family_dining.Activities.RegisterActivity" />
48-->src\main\AndroidManifest.xml:39:9-96
48-->src\main\AndroidManifest.xml:39:19-93
49        <activity android:name="com.family_dining.family_dining.Activities.SplashActivity" >
49-->src\main\AndroidManifest.xml:40:9-46:20
49-->src\main\AndroidManifest.xml:40:19-91
50            <intent-filter>
50-->src\main\AndroidManifest.xml:41:13-45:29
51                <action android:name="android.intent.action.MAIN" />
51-->src\main\AndroidManifest.xml:42:17-69
51-->src\main\AndroidManifest.xml:42:25-66
52
53                <category android:name="android.intent.category.LAUNCHER" />
53-->src\main\AndroidManifest.xml:44:17-77
53-->src\main\AndroidManifest.xml:44:27-74
54            </intent-filter>
55        </activity>
56
57        <meta-data
57-->src\main\AndroidManifest.xml:48:9-50:57
58            android:name="preloaded_fonts"
58-->src\main\AndroidManifest.xml:49:13-43
59            android:resource="@array/preloaded_fonts" />
59-->src\main\AndroidManifest.xml:50:13-54
60    </application>
61
62</manifest>